<?xml version="1.0" encoding="UTF-8"?>
<!-- Generated by org.testng.reporters.JUnitXMLReporter -->
<testsuite hostname="H50059" name="Test" tests="11" failures="0" timestamp="18 May 2018 12:42:22 GMT" time="73.394" errors="0">
  <testcase name="testChelseaYoaApplication" time="8.202" classname="co.uk.ybs.selenium.psd2.PSD2Yorkshire"/>
  <testcase name="testbPsd2Login1Page" time="2.809" classname="co.uk.ybs.selenium.psd2.PSD2Yorkshire"/>
  <testcase name="testcPsd2Login2Page" time="8.34" classname="co.uk.ybs.selenium.psd2.PSD2Yorkshire"/>
  <testcase name="testdPsd2AccountSelectionPage" time="2.895" classname="co.uk.ybs.selenium.psd2.PSD2Yorkshire"/>
  <testcase name="testdPsd2AuthorisationRequestPage" time="3.086" classname="co.uk.ybs.selenium.psd2.PSD2Yorkshire"/>
  <testcase name="testdPsd2AuthorisationSuccessPage" time="0.372" classname="co.uk.ybs.selenium.psd2.PSD2Yorkshire"/>
  <testcase name="testdPsd2TppRetrurnPage" time="0.941" classname="co.uk.ybs.selenium.psd2.PSD2Yorkshire"/>
  <testcase name="testdPsd2TppAccessTokenPage" time="0.023" classname="co.uk.ybs.selenium.psd2.PSD2Yorkshire"/>
  <testcase name="testaTppToolAuthorisationpage" time="0.604" classname="co.uk.ybs.selenium.psd2.PSD2Yorkshire"/>
  <testcase name="testaTppToolAccessTokenpage" time="1.771" classname="co.uk.ybs.selenium.psd2.PSD2Yorkshire"/>
  <testcase name="testdPsd2TppResultPage" time="41.088" classname="co.uk.ybs.selenium.psd2.PSD2Yorkshire"/>
</testsuite> <!-- Test -->
