<?xml version="1.0" encoding="UTF-8"?>
<testng-results skipped="0" failed="0" total="14" passed="14">
  <reporter-output>
  </reporter-output>
  <suite name="Suite" duration-ms="405266" started-at="2018-06-12T17:58:26Z" finished-at="2018-06-12T18:05:11Z">
    <groups>
    </groups>
    <test name="Test" duration-ms="405266" started-at="2018-06-12T17:58:26Z" finished-at="2018-06-12T18:05:11Z">
      <class name="co.uk.ybs.selenium.psd2.PSD2Yorkshire">
        <test-method status="PASS" signature="setUp()[pri:0, instance:co.uk.ybs.selenium.psd2.PSD2Yorkshire@e70e30]" name="setUp" is-config="true" duration-ms="3183" started-at="2018-06-12T17:58:26Z" finished-at="2018-06-12T17:58:29Z">
        </test-method> <!-- setUp -->
        <test-method status="PASS" signature="setUp()[pri:0, instance:co.uk.ybs.selenium.psd2.TestChromeBrowser@154864a]" name="setUp" is-config="true" duration-ms="2849" started-at="2018-06-12T17:58:29Z" finished-at="2018-06-12T17:58:32Z">
        </test-method> <!-- setUp -->
        <test-method status="PASS" signature="testChelseaYoaApplication()[pri:1, instance:co.uk.ybs.selenium.psd2.PSD2Yorkshire@e70e30]" name="testChelseaYoaApplication" duration-ms="37580" started-at="2018-06-12T18:00:30Z" finished-at="2018-06-12T18:01:08Z">
        </test-method> <!-- testChelseaYoaApplication -->
        <test-method status="PASS" signature="testbPsd2Login1Page()[pri:2, instance:co.uk.ybs.selenium.psd2.PSD2Yorkshire@e70e30]" name="testbPsd2Login1Page" duration-ms="20087" started-at="2018-06-12T18:01:08Z" finished-at="2018-06-12T18:01:28Z">
        </test-method> <!-- testbPsd2Login1Page -->
        <test-method status="PASS" signature="tearDownMethod()[pri:0, instance:co.uk.ybs.selenium.psd2.PSD2Yorkshire@e70e30]" name="tearDownMethod" is-config="true" duration-ms="0" started-at="2018-06-12T18:01:08Z" finished-at="2018-06-12T18:01:08Z">
        </test-method> <!-- tearDownMethod -->
        <test-method status="PASS" signature="tearDownMethod()[pri:0, instance:co.uk.ybs.selenium.psd2.PSD2Yorkshire@e70e30]" name="tearDownMethod" is-config="true" duration-ms="1" started-at="2018-06-12T18:01:28Z" finished-at="2018-06-12T18:01:28Z">
        </test-method> <!-- tearDownMethod -->
        <test-method status="PASS" signature="testcPsd2Login2Page()[pri:3, instance:co.uk.ybs.selenium.psd2.PSD2Yorkshire@e70e30]" name="testcPsd2Login2Page" duration-ms="8272" started-at="2018-06-12T18:01:28Z" finished-at="2018-06-12T18:01:36Z">
        </test-method> <!-- testcPsd2Login2Page -->
        <test-method status="PASS" signature="tearDownMethod()[pri:0, instance:co.uk.ybs.selenium.psd2.PSD2Yorkshire@e70e30]" name="tearDownMethod" is-config="true" duration-ms="0" started-at="2018-06-12T18:01:36Z" finished-at="2018-06-12T18:01:36Z">
        </test-method> <!-- tearDownMethod -->
        <test-method status="PASS" signature="testdPsd2AccountSelectionPage()[pri:4, instance:co.uk.ybs.selenium.psd2.PSD2Yorkshire@e70e30]" name="testdPsd2AccountSelectionPage" duration-ms="6279" started-at="2018-06-12T18:01:36Z" finished-at="2018-06-12T18:01:42Z">
        </test-method> <!-- testdPsd2AccountSelectionPage -->
        <test-method status="PASS" signature="tearDownMethod()[pri:0, instance:co.uk.ybs.selenium.psd2.PSD2Yorkshire@e70e30]" name="tearDownMethod" is-config="true" duration-ms="0" started-at="2018-06-12T18:01:42Z" finished-at="2018-06-12T18:01:42Z">
        </test-method> <!-- tearDownMethod -->
        <test-method status="PASS" signature="testdPsd2AuthorisationRequestPage()[pri:5, instance:co.uk.ybs.selenium.psd2.PSD2Yorkshire@e70e30]" name="testdPsd2AuthorisationRequestPage" duration-ms="1127" started-at="2018-06-12T18:01:42Z" finished-at="2018-06-12T18:01:44Z">
        </test-method> <!-- testdPsd2AuthorisationRequestPage -->
        <test-method status="PASS" signature="testdPsd2AuthorisationTransactionServicePage()[pri:6, instance:co.uk.ybs.selenium.psd2.PSD2Yorkshire@e70e30]" name="testdPsd2AuthorisationTransactionServicePage" duration-ms="1853" started-at="2018-06-12T18:01:44Z" finished-at="2018-06-12T18:01:45Z">
        </test-method> <!-- testdPsd2AuthorisationTransactionServicePage -->
        <test-method status="PASS" signature="tearDownMethod()[pri:0, instance:co.uk.ybs.selenium.psd2.PSD2Yorkshire@e70e30]" name="tearDownMethod" is-config="true" duration-ms="0" started-at="2018-06-12T18:01:44Z" finished-at="2018-06-12T18:01:44Z">
        </test-method> <!-- tearDownMethod -->
        <test-method status="PASS" signature="testdPsd2AuthorisationTransactionPasswordPage()[pri:7, instance:co.uk.ybs.selenium.psd2.PSD2Yorkshire@e70e30]" name="testdPsd2AuthorisationTransactionPasswordPage" duration-ms="164636" started-at="2018-06-12T18:01:45Z" finished-at="2018-06-12T18:04:30Z">
        </test-method> <!-- testdPsd2AuthorisationTransactionPasswordPage -->
        <test-method status="PASS" signature="tearDownMethod()[pri:0, instance:co.uk.ybs.selenium.psd2.PSD2Yorkshire@e70e30]" name="tearDownMethod" is-config="true" duration-ms="0" started-at="2018-06-12T18:01:45Z" finished-at="2018-06-12T18:01:45Z">
        </test-method> <!-- tearDownMethod -->
        <test-method status="PASS" signature="tearDownMethod()[pri:0, instance:co.uk.ybs.selenium.psd2.PSD2Yorkshire@e70e30]" name="tearDownMethod" is-config="true" duration-ms="0" started-at="2018-06-12T18:04:30Z" finished-at="2018-06-12T18:04:30Z">
        </test-method> <!-- tearDownMethod -->
        <test-method status="PASS" signature="testdPsd2AuthorisationSuccessPage()[pri:8, instance:co.uk.ybs.selenium.psd2.PSD2Yorkshire@e70e30]" name="testdPsd2AuthorisationSuccessPage" duration-ms="422" started-at="2018-06-12T18:04:30Z" finished-at="2018-06-12T18:04:30Z">
        </test-method> <!-- testdPsd2AuthorisationSuccessPage -->
        <test-method status="PASS" signature="tearDownMethod()[pri:0, instance:co.uk.ybs.selenium.psd2.PSD2Yorkshire@e70e30]" name="tearDownMethod" is-config="true" duration-ms="1" started-at="2018-06-12T18:04:30Z" finished-at="2018-06-12T18:04:30Z">
        </test-method> <!-- tearDownMethod -->
        <test-method status="PASS" signature="testdPsd2TppRetrurnPage()[pri:9, instance:co.uk.ybs.selenium.psd2.PSD2Yorkshire@e70e30]" name="testdPsd2TppRetrurnPage" duration-ms="1484" started-at="2018-06-12T18:04:30Z" finished-at="2018-06-12T18:04:32Z">
        </test-method> <!-- testdPsd2TppRetrurnPage -->
        <test-method status="PASS" signature="tearDownMethod()[pri:0, instance:co.uk.ybs.selenium.psd2.PSD2Yorkshire@e70e30]" name="tearDownMethod" is-config="true" duration-ms="1" started-at="2018-06-12T18:04:32Z" finished-at="2018-06-12T18:04:32Z">
        </test-method> <!-- tearDownMethod -->
        <test-method status="PASS" signature="testdPsd2TppAccessTokenPage()[pri:10, instance:co.uk.ybs.selenium.psd2.PSD2Yorkshire@e70e30]" name="testdPsd2TppAccessTokenPage" duration-ms="15" started-at="2018-06-12T18:04:32Z" finished-at="2018-06-12T18:04:32Z">
        </test-method> <!-- testdPsd2TppAccessTokenPage -->
        <test-method status="PASS" signature="tearDownMethod()[pri:0, instance:co.uk.ybs.selenium.psd2.PSD2Yorkshire@e70e30]" name="tearDownMethod" is-config="true" duration-ms="0" started-at="2018-06-12T18:04:32Z" finished-at="2018-06-12T18:04:32Z">
        </test-method> <!-- tearDownMethod -->
        <test-method status="PASS" signature="testaTppToolAuthorisationpage()[pri:11, instance:co.uk.ybs.selenium.psd2.PSD2Yorkshire@e70e30]" name="testaTppToolAuthorisationpage" duration-ms="530" started-at="2018-06-12T18:04:32Z" finished-at="2018-06-12T18:04:32Z">
        </test-method> <!-- testaTppToolAuthorisationpage -->
        <test-method status="PASS" signature="testaTppToolAccessTokenpage()[pri:12, instance:co.uk.ybs.selenium.psd2.PSD2Yorkshire@e70e30]" name="testaTppToolAccessTokenpage" duration-ms="1127" started-at="2018-06-12T18:04:32Z" finished-at="2018-06-12T18:04:34Z">
        </test-method> <!-- testaTppToolAccessTokenpage -->
        <test-method status="PASS" signature="tearDownMethod()[pri:0, instance:co.uk.ybs.selenium.psd2.PSD2Yorkshire@e70e30]" name="tearDownMethod" is-config="true" duration-ms="0" started-at="2018-06-12T18:04:32Z" finished-at="2018-06-12T18:04:32Z">
        </test-method> <!-- tearDownMethod -->
        <test-method status="PASS" signature="testdPsd2TppResultPage()[pri:13, instance:co.uk.ybs.selenium.psd2.PSD2Yorkshire@e70e30]" name="testdPsd2TppResultPage" duration-ms="37155" started-at="2018-06-12T18:04:34Z" finished-at="2018-06-12T18:05:11Z">
        </test-method> <!-- testdPsd2TppResultPage -->
        <test-method status="PASS" signature="tearDownMethod()[pri:0, instance:co.uk.ybs.selenium.psd2.PSD2Yorkshire@e70e30]" name="tearDownMethod" is-config="true" duration-ms="0" started-at="2018-06-12T18:04:34Z" finished-at="2018-06-12T18:04:34Z">
        </test-method> <!-- tearDownMethod -->
        <test-method status="PASS" signature="tearDown()[pri:0, instance:co.uk.ybs.selenium.psd2.PSD2Yorkshire@e70e30]" name="tearDown" is-config="true" duration-ms="44" started-at="2018-06-12T18:05:11Z" finished-at="2018-06-12T18:05:11Z">
        </test-method> <!-- tearDown -->
        <test-method status="PASS" signature="tearDownMethod()[pri:0, instance:co.uk.ybs.selenium.psd2.PSD2Yorkshire@e70e30]" name="tearDownMethod" is-config="true" duration-ms="0" started-at="2018-06-12T18:05:11Z" finished-at="2018-06-12T18:05:11Z">
        </test-method> <!-- tearDownMethod -->
      </class> <!-- co.uk.ybs.selenium.psd2.PSD2Yorkshire -->
      <class name="co.uk.ybs.selenium.psd2.TestChromeBrowser">
        <test-method status="PASS" signature="testChelseaYoaApplication()[pri:13, instance:co.uk.ybs.selenium.psd2.TestChromeBrowser@154864a]" name="testChelseaYoaApplication" duration-ms="118331" started-at="2018-06-12T17:58:32Z" finished-at="2018-06-12T18:00:30Z">
        </test-method> <!-- testChelseaYoaApplication -->
        <test-method status="PASS" signature="tearDown()[pri:0, instance:co.uk.ybs.selenium.psd2.TestChromeBrowser@154864a]" name="tearDown" is-config="true" duration-ms="271" started-at="2018-06-12T18:00:30Z" finished-at="2018-06-12T18:00:30Z">
        </test-method> <!-- tearDown -->
      </class> <!-- co.uk.ybs.selenium.psd2.TestChromeBrowser -->
    </test> <!-- Test -->
  </suite> <!-- Suite -->
</testng-results>
