<?xml version="1.0" encoding="UTF-8"?>
<testsuite xmlns:xsi="http://www.w3.org/2001/XMLSchema-instance" xsi:noNamespaceSchemaLocation="https://maven.apache.org/surefire/maven-surefire-plugin/xsd/surefire-test-report.xsd" name="TestSuite" time="405.795" tests="14" errors="0" skipped="0" failures="0">
  <properties>
[...]
</properties>
  <testcase name="testChelseaYoaApplication" classname="co.uk.ybs.selenium.psd2.TestChromeBrowser" time="118.361"/>
  <testcase name="testChelseaYoaApplication" classname="co.uk.ybs.selenium.psd2.PSD2Yorkshire" time="37.58"/>
  <testcase name="testbPsd2Login1Page" classname="co.uk.ybs.selenium.psd2.PSD2Yorkshire" time="20.087"/>
  <testcase name="testcPsd2Login2Page" classname="co.uk.ybs.selenium.psd2.PSD2Yorkshire" time="8.273"/>
  <testcase name="testdPsd2AccountSelectionPage" classname="co.uk.ybs.selenium.psd2.PSD2Yorkshire" time="6.278"/>
  <testcase name="testdPsd2AuthorisationRequestPage" classname="co.uk.ybs.selenium.psd2.PSD2Yorkshire" time="1.131"/>
  <testcase name="testdPsd2AuthorisationTransactionServicePage" classname="co.uk.ybs.selenium.psd2.PSD2Yorkshire" time="1.851"/>
  <testcase name="testdPsd2AuthorisationTransactionPasswordPage" classname="co.uk.ybs.selenium.psd2.PSD2Yorkshire" time="164.64"/>
  <testcase name="testdPsd2AuthorisationSuccessPage" classname="co.uk.ybs.selenium.psd2.PSD2Yorkshire" time="0.419"/>
  <testcase name="testdPsd2TppRetrurnPage" classname="co.uk.ybs.selenium.psd2.PSD2Yorkshire" time="1.485"/>
  <testcase name="testdPsd2TppAccessTokenPage" classname="co.uk.ybs.selenium.psd2.PSD2Yorkshire" time="0.016"/>
  <testcase name="testaTppToolAuthorisationpage" classname="co.uk.ybs.selenium.psd2.PSD2Yorkshire" time="0.532"/>
  <testcase name="testaTppToolAccessTokenpage" classname="co.uk.ybs.selenium.psd2.PSD2Yorkshire" time="1.127"/>
  <testcase name="testdPsd2TppResultPage" classname="co.uk.ybs.selenium.psd2.PSD2Yorkshire" time="37.16"/>
</testsuite>